0 info it worked if it ends with ok
1 verbose cli [ 'C:\\Program Files (x86)\\nodejs\\\\node.exe',
1 verbose cli   'C:\\Program Files (x86)\\nodejs\\node_modules\\npm\\bin\\npm-cli.js',
1 verbose cli   'install',
1 verbose cli   'n',
1 verbose cli   '-g' ]
2 info using npm@2.7.4
3 info using node@v0.12.2
4 verbose node symlink C:\Program Files (x86)\nodejs\\node.exe
5 silly cache add args [ 'n', null ]
6 verbose cache add spec n
7 silly cache add parsed spec { raw: 'n',
7 silly cache add   scope: null,
7 silly cache add   name: 'n',
7 silly cache add   rawSpec: '',
7 silly cache add   spec: '*',
7 silly cache add   type: 'range' }
8 verbose addNamed n@*
9 silly addNamed semver.valid null
10 silly addNamed semver.validRange *
11 silly addNameRange { name: 'n', range: '*', hasData: false }
12 silly mapToRegistry name n
13 silly mapToRegistry using default registry
14 silly mapToRegistry registry https://registry.npmjs.org/
15 silly mapToRegistry uri https://registry.npmjs.org/n
16 verbose addNameRange registry:https://registry.npmjs.org/n not in flight; fetching
17 verbose request uri https://registry.npmjs.org/n
18 verbose request no auth needed
19 info attempt registry request try #1 at 23:46:31
20 verbose request id d2409fc5f50fcfb8
21 http request GET https://registry.npmjs.org/n
22 http 200 https://registry.npmjs.org/n
23 silly get cb [ 200,
23 silly get   { date: 'Thu, 19 May 2022 20:46:46 GMT',
23 silly get     'content-type': 'application/json',
23 silly get     'transfer-encoding': 'chunked',
23 silly get     connection: 'keep-alive',
23 silly get     'cf-ray': '70dfaf130a90548e-IST',
23 silly get     'access-control-allow-origin': '*',
23 silly get     'cache-control': 'public, max-age=300',
23 silly get     etag: 'W/"0bda3c383d9c6023aa3d4f6c6cfbf31c"',
23 silly get     'last-modified': 'Mon, 16 May 2022 22:42:37 GMT',
23 silly get     vary: 'accept-encoding, accept',
23 silly get     'cf-cache-status': 'HIT',
23 silly get     'expect-ct': 'max-age=604800, report-uri="https://report-uri.cloudflare.com/cdn-cgi/beacon/expect-ct"',
23 silly get     'x-amz-replication-status': 'COMPLETED',
23 silly get     server: 'cloudflare',
23 silly get     'content-encoding': 'gzip' } ]
24 verbose get saving n to C:\Users\Ender Bilsel\AppData\Roaming\npm-cache\registry.npmjs.org\n\.cache.json
25 silly addNameRange number 2 { name: 'n', range: '*', hasData: true }
26 silly addNameRange versions [ 'n',
26 silly addNameRange   [ '0.0.1',
26 silly addNameRange     '0.0.2',
26 silly addNameRange     '0.0.3',
26 silly addNameRange     '0.0.4',
26 silly addNameRange     '0.1.0',
26 silly addNameRange     '0.1.1',
26 silly addNameRange     '0.1.2',
26 silly addNameRange     '0.2.0',
26 silly addNameRange     '0.2.1',
26 silly addNameRange     '0.2.2',
26 silly addNameRange     '0.3.0',
26 silly addNameRange     '0.4.0',
26 silly addNameRange     '0.4.1',
26 silly addNameRange     '0.4.2',
26 silly addNameRange     '0.5.0',
26 silly addNameRange     '0.5.1',
26 silly addNameRange     '0.5.2',
26 silly addNameRange     '0.5.3',
26 silly addNameRange     '0.5.4',
26 silly addNameRange     '0.6.0',
26 silly addNameRange     '0.6.1',
26 silly addNameRange     '0.7.0',
26 silly addNameRange     '0.7.1',
26 silly addNameRange     '0.7.2',
26 silly addNameRange     '0.7.3',
26 silly addNameRange     '0.8.0',
26 silly addNameRange     '0.8.1',
26 silly addNameRange     '0.8.2',
26 silly addNameRange     '0.9.0',
26 silly addNameRange     '0.9.1',
26 silly addNameRange     '0.9.2',
26 silly addNameRange     '0.9.3',
26 silly addNameRange     '1.0.0',
26 silly addNameRange     '1.1.0',
26 silly addNameRange     '1.2.1',
26 silly addNameRange     '1.2.2',
26 silly addNameRange     '1.2.3',
26 silly addNameRange     '1.2.4',
26 silly addNameRange     '1.2.5',
26 silly addNameRange     '1.2.6',
26 silly addNameRange     '1.2.7',
26 silly addNameRange     '1.2.8',
26 silly addNameRange     '1.2.9',
26 silly addNameRange     '1.2.11',
26 silly addNameRange     '1.2.13',
26 silly addNameRange     '1.2.14',
26 silly addNameRange     '1.3.0',
26 silly addNameRange     '1.4.0',
26 silly addNameRange     '2.0.0',
26 silly addNameRange     '1.4.1',
26 silly addNameRange     '2.0.1',
26 silly addNameRange     '1.4.2',
26 silly addNameRange     '2.0.2',
26 silly addNameRange     '2.1.0',
26 silly addNameRange     '2.1.1',
26 silly addNameRange     '2.1.2',
26 silly addNameRange     '2.1.3',
26 silly addNameRange     '2.1.4',
26 silly addNameRange     '2.1.5',
26 silly addNameRange     '2.1.6',
26 silly addNameRange     '2.1.7',
26 silly addNameRange     '2.1.8',
26 silly addNameRange     '2.1.9',
26 silly addNameRange     '2.1.10',
26 silly addNameRange     '2.1.11',
26 silly addNameRange     '2.1.12',
26 silly addNameRange     '3.0.0',
26 silly addNameRange     '3.0.1',
26 silly addNameRange     '3.0.2',
26 silly addNameRange     '4.0.0',
26 silly addNameRange     '4.1.0',
26 silly addNameRange     '5.0.0-next.0',
26 silly addNameRange     '5.0.0',
26 silly addNameRange     '5.0.1',
26 silly addNameRange     '5.0.2',
26 silly addNameRange     '6.0.0-0',
26 silly addNameRange     '6.0.0-1',
26 silly addNameRange     '6.0.0',
26 silly addNameRange     '6.0.1',
26 silly addNameRange     '6.1.0',
26 silly addNameRange     '6.1.1',
26 silly addNameRange     '6.1.2',
26 silly addNameRange     '6.1.3',
26 silly addNameRange     '6.2.0',
26 silly addNameRange     '6.3.0',
26 silly addNameRange     '6.3.1',
26 silly addNameRange     '6.4.0',
26 silly addNameRange     '6.5.0',
26 silly addNameRange     '6.5.1',
26 silly addNameRange     '6.6.0',
26 silly addNameRange     '6.7.0',
26 silly addNameRange     '6.7.1',
26 silly addNameRange     '6.8.0',
26 silly addNameRange     '7.0.0',
26 silly addNameRange     '7.0.1',
26 silly addNameRange     '7.0.2',
26 silly addNameRange     '7.1.0',
26 silly addNameRange     '7.2.0',
26 silly addNameRange     '7.2.1',
26 silly addNameRange     '7.2.2',
26 silly addNameRange     '7.3.0',
26 silly addNameRange     '7.3.1',
26 silly addNameRange     '7.4.0',
26 silly addNameRange     '7.4.1',
26 silly addNameRange     '7.5.0',
26 silly addNameRange     '8.0.0',
26 silly addNameRange     '8.0.1',
26 silly addNameRange     '8.0.2',
26 silly addNameRange     '8.1.0',
26 silly addNameRange     '8.2.0' ] ]
27 verbose addNamed n@8.2.0
28 silly addNamed semver.valid 8.2.0
29 silly addNamed semver.validRange 8.2.0
30 silly mapToRegistry name n
31 silly mapToRegistry using default registry
32 silly mapToRegistry registry https://registry.npmjs.org/
33 silly mapToRegistry uri https://registry.npmjs.org/n
34 verbose addRemoteTarball https://registry.npmjs.org/n/-/n-8.2.0.tgz not in flight; adding
35 verbose addRemoteTarball [ 'https://registry.npmjs.org/n/-/n-8.2.0.tgz',
35 verbose addRemoteTarball   'd8f8a89fdddd1e510111063aae74b9d7b5da8b96' ]
36 info retry fetch attempt 1 at 23:46:31
37 info attempt registry request try #1 at 23:46:31
38 http fetch GET https://registry.npmjs.org/n/-/n-8.2.0.tgz
39 http fetch 200 https://registry.npmjs.org/n/-/n-8.2.0.tgz
40 silly fetchAndShaCheck shasum d8f8a89fdddd1e510111063aae74b9d7b5da8b96
41 verbose addTmpTarball C:\Users\ENDERB~1\AppData\Local\Temp\npm-2976-ab80ac11\registry.npmjs.org\n\-\n-8.2.0.tgz not in flight; adding
42 verbose addTmpTarball already have metadata; skipping unpack for n@8.2.0
43 silly cache afterAdd n@8.2.0
44 verbose afterAdd C:\Users\Ender Bilsel\AppData\Roaming\npm-cache\n\8.2.0\package\package.json not in flight; writing
45 verbose afterAdd C:\Users\Ender Bilsel\AppData\Roaming\npm-cache\n\8.2.0\package\package.json written
46 silly install resolved [ { name: 'n',
46 silly install resolved     description: 'Interactively Manage All Your Node Versions',
46 silly install resolved     version: '8.2.0',
46 silly install resolved     author: { name: 'TJ Holowaychuk', email: 'tj@vision-media.ca' },
46 silly install resolved     homepage: 'https://github.com/tj/n',
46 silly install resolved     bugs: { url: 'https://github.com/tj/n/issues' },
46 silly install resolved     contributors: [ [Object] ],
46 silly install resolved     keywords:
46 silly install resolved      [ 'nvm',
46 silly install resolved        'node',
46 silly install resolved        'version',
46 silly install resolved        'manager',
46 silly install resolved        'switcher',
46 silly install resolved        'node',
46 silly install resolved        'binary',
46 silly install resolved        'env' ],
46 silly install resolved     bin: { n: 'bin/n' },
46 silly install resolved     repository: { type: 'git', url: 'git://github.com/tj/n.git' },
46 silly install resolved     scripts: { test: 'test/bin/run-all-tests' },
46 silly install resolved     devDependencies:
46 silly install resolved      { bats: '^1.2.1',
46 silly install resolved        'bats-assert': 'github:bats-core/bats-assert',
46 silly install resolved        'bats-support': 'github:bats-core/bats-support' },
46 silly install resolved     preferGlobal: true,
46 silly install resolved     os: [ '!win32' ],
46 silly install resolved     engines: { node: '*' },
46 silly install resolved     license: 'MIT',
46 silly install resolved     gitHead: '8ae8e81a1157a00afa56f0e9381ad2ebc3098d11',
46 silly install resolved     _id: 'n@8.2.0',
46 silly install resolved     _nodeVersion: '16.14.2',
46 silly install resolved     _npmVersion: '8.5.0',
46 silly install resolved     dist:
46 silly install resolved      { integrity: 'sha512-qv+jwJoXaV94C+uASaLS/Qe/iprgvQKe+5hqg6YvUH8mqe5ysgjby875pUVLLWieGFywipEO/J/bgekYbC18Jw==',
46 silly install resolved        shasum: 'd8f8a89fdddd1e510111063aae74b9d7b5da8b96',
46 silly install resolved        tarball: 'https://registry.npmjs.org/n/-/n-8.2.0.tgz',
46 silly install resolved        fileCount: 4,
46 silly install resolved        unpackedSize: 61556,
46 silly install resolved        signatures: [Object],
46 silly install resolved        'npm-signature': '-----BEGIN PGP SIGNATURE-----\r\nVersion: OpenPGP.js v4.10.10\r\nComment: https://openpgpjs.org\r\n\r\nwsFzBAEBCAAGBQJiXNuuACEJED1NWxICdlZqFiEECWMYAoorWMhJKdjhPU1b\r\nEgJ2VmqDyA//Sld+N8I2qgPI6NJtCV09LkCukoqpYBzDyqRyXbY++a2A159L\r\njjFVioY8ecrMgTetrABCpyKOmWoc0wRsVg5DDZMYwYesbSNqKV+S6n7kxvR0\r\nqfkiFDLVqq29ED+c2qu8xjT3TqNJKb1E3hZilXpXyZSRVQ1fNzSbYHMqfenQ\r\nXHetz8UjmWG/UnMh0ZisbZcWmOujUNeI4FHtDqg+ZJgtOVhaeJMueSJ3T0ib\r\nhalLsCsL/kc4lLJY5tH2Q31F97BQJTkFffRPL5vAbRiKT/Exdp2IALSdcYf2\r\nuKN/gXpJjo+50mTMzhwciBGL1AmkU+Xl7DLglHKVE+6xgKNESmVLCmiTe2Na\r\n8MCIxPtJ64h6g1al5LyKM81rEv6H1Y9bjNuMQO9QwT4Neg6Vyu1PSKWWe5qX\r\nwL2F5tX41yGPlXRohyUlrO7bxzdE8x6nhWqkDzzWTuK4zm5BH+GtSzeTQNql\r\no7siWIwpBjRStWdusQ9chLMqpEFWNEDP+yIlWR7c6L9AXKz/vmBifa0FADwp\r\nW4Z7a6MHar6EXzDM8WZiTyJFSgfqBf7ChaoZr5RW9oX30o5pocman4oMAh2y\r\nJT2bzb60jfWYy+JBTSflp7gWMmebnbqr/hAUsG6VQyg8uf/I5gRtVJlrKSVk\r\nsY6XEfQ+AHTnKMLDKzBVwJ8JIQdeS6Lw93k=\r\n=JUzY\r\n-----END PGP SIGNATURE-----\r\n' },
46 silly install resolved     _npmUser: { name: 'shadowspawn', email: 'npm_j@ruru.gen.nz' },
46 silly install resolved     directories: {},
46 silly install resolved     maintainers: [ [Object], [Object], [Object] ],
46 silly install resolved     _npmOperationalInternal:
46 silly install resolved      { host: 's3://npm-registry-packages',
46 silly install resolved        tmp: 'tmp/n_8.2.0_1650252717936_0.32288840878126' },
46 silly install resolved     _hasShrinkwrap: false,
46 silly install resolved     _shasum: 'd8f8a89fdddd1e510111063aae74b9d7b5da8b96',
46 silly install resolved     _resolved: 'https://registry.npmjs.org/n/-/n-8.2.0.tgz',
46 silly install resolved     _from: 'n@*' } ]
47 info install n@8.2.0 into C:\Users\Ender Bilsel\AppData\Roaming\npm
48 info installOne n@8.2.0
49 verbose installOne of n to C:\Users\Ender Bilsel\AppData\Roaming\npm not in flight; installing
50 verbose lock using C:\Users\Ender Bilsel\AppData\Roaming\npm-cache\_locks\n-e629235452210829.lock for C:\Users\Ender Bilsel\AppData\Roaming\npm\node_modules\n
51 verbose unlock done using C:\Users\Ender Bilsel\AppData\Roaming\npm-cache\_locks\n-e629235452210829.lock for C:\Users\Ender Bilsel\AppData\Roaming\npm\node_modules\n
52 verbose stack Error: Unsupported
52 verbose stack     at checkPlatform (C:\Program Files (x86)\nodejs\node_modules\npm\node_modules\npm-install-checks\index.js:47:14)
52 verbose stack     at Array.<anonymous> (C:\Program Files (x86)\nodejs\node_modules\npm\node_modules\slide\lib\bind-actor.js:15:8)
52 verbose stack     at LOOP (C:\Program Files (x86)\nodejs\node_modules\npm\node_modules\slide\lib\chain.js:15:14)
52 verbose stack     at C:\Program Files (x86)\nodejs\node_modules\npm\node_modules\slide\lib\chain.js:18:7
52 verbose stack     at checkEngine (C:\Program Files (x86)\nodejs\node_modules\npm\node_modules\npm-install-checks\index.js:26:10)
52 verbose stack     at Array.<anonymous> (C:\Program Files (x86)\nodejs\node_modules\npm\node_modules\slide\lib\bind-actor.js:15:8)
52 verbose stack     at LOOP (C:\Program Files (x86)\nodejs\node_modules\npm\node_modules\slide\lib\chain.js:15:14)
52 verbose stack     at chain (C:\Program Files (x86)\nodejs\node_modules\npm\node_modules\slide\lib\chain.js:20:5)
52 verbose stack     at C:\Program Files (x86)\nodejs\node_modules\npm\lib\install.js:1024:5
52 verbose stack     at C:\Program Files (x86)\nodejs\node_modules\npm\lib\utils\locker.js:40:9
53 verbose pkgid n@8.2.0
54 verbose cwd D:\angular
55 error Windows_NT 6.3.9600
56 error argv "C:\\Program Files (x86)\\nodejs\\\\node.exe" "C:\\Program Files (x86)\\nodejs\\node_modules\\npm\\bin\\npm-cli.js" "install" "n" "-g"
57 error node v0.12.2
58 error npm  v2.7.4
59 error code EBADPLATFORM
60 error notsup Unsupported
60 error notsup Not compatible with your operating system or architecture: n@8.2.0
60 error notsup Valid OS:    !win32
60 error notsup Valid Arch:  any
60 error notsup Actual OS:   win32
60 error notsup Actual Arch: ia32
61 verbose exit [ 1, true ]
